<?xml version="1.0" encoding="UTF-8"?>
<!-- Generated by org.testng.reporters.JUnitReportReporter -->
<testsuite skipped="0" hostname="DESKTOP-AFCAA2G" name="SearchElement.SearchElement" tests="1" failures="0" timestamp="2020-01-26T13:18:16 AEDT" time="13.311" errors="0">
  <testcase name="checkBuses" time="13.311" classname="SearchElement.SearchElement"/>
</testsuite> <!-- SearchElement.SearchElement -->
